<?xml version="1.0" encoding="UTF-8"?>
<!-- Generated by org.testng.reporters.JUnitXMLReporter -->
<testsuite ignored="1" hostname="mudx" failures="0" tests="2" name="Test" time="42.22" errors="0" timestamp="2021-07-31T02:51:55 AST">
  <testcase classname="com.linkedin.test.LinkedInSearchTest" name="Login" time="33.717"/>
  <testcase classname="com.linkedin.test.GoogleSearchTest" name="search" time="8.39"/>
  <testcase classname="com.linkedin.test.BaseTest" name="@BeforeSuite runDriver" time="0.0">
    <ignored/>
  </testcase> <!-- @BeforeSuite runDriver -->
</testsuite> <!-- Test -->
