<?xml version="1.0" encoding="UTF-8"?>
<!-- Generated by org.testng.reporters.JUnitXMLReporter -->
<testsuite ignored="1" hostname="mudx" failures="0" tests="2" name="Test" time="49.201" errors="0" timestamp="2021-08-02T00:53:34 AST">
  <testcase classname="com.linkedin.test.LinkedInSearchTest" name="Login" time="41.635"/>
  <testcase classname="com.linkedin.test.GoogleSearchTest" name="search" time="7.46"/>
  <testcase classname="com.linkedin.test.BaseTest" name="@BeforeSuite runDriver" time="0.0">
    <ignored/>
  </testcase> <!-- @BeforeSuite runDriver -->
</testsuite> <!-- Test -->
