<?xml version="1.0" encoding="UTF-8"?>
<testng-results ignored="0" total="4" passed="4" failed="0" skipped="0">
  <reporter-output>
  </reporter-output>
  <suite started-at="2021-08-07T23:54:49 EEST" name="Suite" finished-at="2021-08-07T23:55:35 EEST" duration-ms="45960">
    <groups>
    </groups>
    <test started-at="2021-08-07T23:54:49 EEST" name="Test" finished-at="2021-08-07T23:55:35 EEST" duration-ms="45960">
      <class name="com.linkedin.test.LinkedInLoginTest">
        <test-method is-config="true" signature="runDriver()[pri:0, instance:com.linkedin.test.LinkedInLoginTest@1aa7ecca]" started-at="2021-08-07T23:54:49 EEST" name="runDriver" finished-at="2021-08-07T23:54:49 EEST" duration-ms="15" status="PASS">
          <reporter-output>
          </reporter-output>
        </test-method> <!-- runDriver -->
        <test-method signature="Login(java.lang.String,java.lang.String)[pri:0, instance:com.linkedin.test.LinkedInLoginTest@1aa7ecca]" started-at="2021-08-07T23:54:51 EEST" name="Login" data-provider="testdata" finished-at="2021-08-07T23:55:09 EEST" duration-ms="18290" status="PASS">
          <params>
            <param index="0">
              <value>
                <![CDATA[im0592622762@gmail.com]]>
              </value>
            </param>
            <param index="1">
              <value>
                <![CDATA[o0592622762]]>
              </value>
            </param>
          </params>
          <reporter-output>
          </reporter-output>
        </test-method> <!-- Login -->
        <test-method signature="Login(java.lang.String,java.lang.String)[pri:0, instance:com.linkedin.test.LinkedInLoginTest@1aa7ecca]" started-at="2021-08-07T23:55:09 EEST" name="Login" data-provider="testdata" finished-at="2021-08-07T23:55:18 EEST" duration-ms="8804" status="PASS">
          <params>
            <param index="0">
              <value>
                <![CDATA[im0592622762@gmail.com]]>
              </value>
            </param>
            <param index="1">
              <value>
                <![CDATA[o0592622763]]>
              </value>
            </param>
          </params>
          <reporter-output>
          </reporter-output>
        </test-method> <!-- Login -->
        <test-method signature="Login(java.lang.String,java.lang.String)[pri:0, instance:com.linkedin.test.LinkedInLoginTest@1aa7ecca]" started-at="2021-08-07T23:55:18 EEST" name="Login" data-provider="testdata" finished-at="2021-08-07T23:55:26 EEST" duration-ms="7901" status="PASS">
          <params>
            <param index="0">
              <value>
                <![CDATA[im0592622762@gmail.com]]>
              </value>
            </param>
            <param index="1">
              <value>
                <![CDATA[o059262276]]>
              </value>
            </param>
          </params>
          <reporter-output>
          </reporter-output>
        </test-method> <!-- Login -->
        <test-method signature="Login(java.lang.String,java.lang.String)[pri:0, instance:com.linkedin.test.LinkedInLoginTest@1aa7ecca]" started-at="2021-08-07T23:55:26 EEST" name="Login" data-provider="testdata" finished-at="2021-08-07T23:55:35 EEST" duration-ms="9003" status="PASS">
          <params>
            <param index="0">
              <value>
                <![CDATA[im0592622763@gmail.com]]>
              </value>
            </param>
            <param index="1">
              <value>
                <![CDATA[o0592622765]]>
              </value>
            </param>
          </params>
          <reporter-output>
          </reporter-output>
        </test-method> <!-- Login -->
      </class> <!-- com.linkedin.test.LinkedInLoginTest -->
    </test> <!-- Test -->
  </suite> <!-- Suite -->
</testng-results>
