<?xml version="1.0" encoding="UTF-8"?>
<testng-results ignored="0" total="1" passed="1" failed="0" skipped="0">
  <reporter-output>
  </reporter-output>
  <suite started-at="2021-08-02T11:13:38 AST" name="Suite" finished-at="2021-08-02T11:14:12 AST" duration-ms="34821">
    <groups>
    </groups>
    <test started-at="2021-08-02T11:13:38 AST" name="Test" finished-at="2021-08-02T11:14:12 AST" duration-ms="34821">
      <class name="com.linkedin.test.LinkedInSearchTest">
        <test-method is-config="true" signature="runDriver()[pri:0, instance:com.linkedin.test.LinkedInSearchTest@4466af20]" started-at="2021-08-02T11:13:38 AST" name="runDriver" finished-at="2021-08-02T11:13:38 AST" duration-ms="24" status="PASS">
          <reporter-output>
          </reporter-output>
        </test-method> <!-- runDriver -->
        <test-method signature="Login(java.lang.String,java.lang.String)[pri:0, instance:com.linkedin.test.LinkedInSearchTest@4466af20]" started-at="2021-08-02T11:13:38 AST" name="Login" finished-at="2021-08-02T11:14:12 AST" duration-ms="34687" status="PASS">
          <params>
            <param index="0">
              <value>
                <![CDATA[im0592622762@gmail.com]]>
              </value>
            </param>
            <param index="1">
              <value>
                <![CDATA[0592622762]]>
              </value>
            </param>
          </params>
          <reporter-output>
          </reporter-output>
        </test-method> <!-- Login -->
      </class> <!-- com.linkedin.test.LinkedInSearchTest -->
    </test> <!-- Test -->
  </suite> <!-- Suite -->
</testng-results>
